<?xml version="1.0" encoding="UTF-8"?>
<testng-results ignored="0" total="2" passed="2" failed="0" skipped="0">
  <reporter-output>
  </reporter-output>
  <suite started-at="2022-10-20T16:37:06 IST" name="Default suite" finished-at="2022-10-20T16:37:21 IST" duration-ms="14870">
    <groups>
    </groups>
    <test started-at="2022-10-20T16:37:06 IST" name="Default test" finished-at="2022-10-20T16:37:21 IST" duration-ms="14870">
      <class name="testing.NewTest">
        <test-method is-config="true" signature="beforeMethod()[pri:0, instance:testing.NewTest@3427b02d]" started-at="2022-10-20T16:37:06 IST" name="beforeMethod" finished-at="2022-10-20T16:37:10 IST" duration-ms="3326" status="PASS">
          <reporter-output>
          </reporter-output>
        </test-method> <!-- beforeMethod -->
        <test-method signature="calculator()[pri:0, instance:testing.NewTest@3427b02d]" started-at="2022-10-20T16:37:10 IST" name="calculator" finished-at="2022-10-20T16:37:11 IST" duration-ms="1470" status="PASS">
          <reporter-output>
          </reporter-output>
        </test-method> <!-- calculator -->
        <test-method is-config="true" signature="afterMethod()[pri:0, instance:testing.NewTest@3427b02d]" started-at="2022-10-20T16:37:11 IST" name="afterMethod" finished-at="2022-10-20T16:37:14 IST" duration-ms="2722" status="PASS">
          <reporter-output>
          </reporter-output>
        </test-method> <!-- afterMethod -->
        <test-method is-config="true" signature="beforeMethod()[pri:0, instance:testing.NewTest@3427b02d]" started-at="2022-10-20T16:37:14 IST" name="beforeMethod" finished-at="2022-10-20T16:37:16 IST" duration-ms="1769" status="PASS">
          <reporter-output>
          </reporter-output>
        </test-method> <!-- beforeMethod -->
        <test-method signature="login()[pri:0, instance:testing.NewTest@3427b02d]" started-at="2022-10-20T16:37:16 IST" name="login" finished-at="2022-10-20T16:37:18 IST" duration-ms="2436" status="PASS">
          <reporter-output>
          </reporter-output>
        </test-method> <!-- login -->
        <test-method is-config="true" signature="afterMethod()[pri:0, instance:testing.NewTest@3427b02d]" started-at="2022-10-20T16:37:18 IST" name="afterMethod" finished-at="2022-10-20T16:37:21 IST" duration-ms="3093" status="PASS">
          <reporter-output>
          </reporter-output>
        </test-method> <!-- afterMethod -->
      </class> <!-- testing.NewTest -->
    </test> <!-- Default test -->
  </suite> <!-- Default suite -->
</testng-results>
