<?xml version="1.0" encoding="UTF-8"?>
<testng-results ignored="0" total="2" passed="2" failed="0" skipped="0">
  <reporter-output>
  </reporter-output>
  <suite started-at="2022-10-20T16:14:38 IST" name="Default suite" finished-at="2022-10-20T16:14:52 IST" duration-ms="13923">
    <groups>
    </groups>
    <test started-at="2022-10-20T16:14:38 IST" name="Default test" finished-at="2022-10-20T16:14:52 IST" duration-ms="13923">
      <class name="mytest.Test2">
        <test-method is-config="true" signature="beforeMethod()[pri:0, instance:mytest.Test2@1b1426f4]" started-at="2022-10-20T16:14:38 IST" name="beforeMethod" finished-at="2022-10-20T16:14:42 IST" duration-ms="4116" status="PASS">
          <reporter-output>
          </reporter-output>
        </test-method> <!-- beforeMethod -->
        <test-method signature="calculate()[pri:0, instance:mytest.Test2@1b1426f4]" started-at="2022-10-20T16:14:42 IST" name="calculate" finished-at="2022-10-20T16:14:44 IST" duration-ms="2193" status="PASS">
          <reporter-output>
          </reporter-output>
        </test-method> <!-- calculate -->
        <test-method is-config="true" signature="afterMethod()[pri:0, instance:mytest.Test2@1b1426f4]" started-at="2022-10-20T16:14:44 IST" name="afterMethod" finished-at="2022-10-20T16:14:44 IST" duration-ms="338" status="PASS">
          <reporter-output>
          </reporter-output>
        </test-method> <!-- afterMethod -->
        <test-method is-config="true" signature="beforeMethod()[pri:0, instance:mytest.Test2@1b1426f4]" started-at="2022-10-20T16:14:44 IST" name="beforeMethod" finished-at="2022-10-20T16:14:46 IST" duration-ms="1346" status="PASS">
          <reporter-output>
          </reporter-output>
        </test-method> <!-- beforeMethod -->
        <test-method signature="openJenkins()[pri:0, instance:mytest.Test2@1b1426f4]" started-at="2022-10-20T16:14:46 IST" name="openJenkins" finished-at="2022-10-20T16:14:51 IST" duration-ms="5340" status="PASS">
          <reporter-output>
          </reporter-output>
        </test-method> <!-- openJenkins -->
        <test-method is-config="true" signature="afterMethod()[pri:0, instance:mytest.Test2@1b1426f4]" started-at="2022-10-20T16:14:51 IST" name="afterMethod" finished-at="2022-10-20T16:14:52 IST" duration-ms="522" status="PASS">
          <reporter-output>
          </reporter-output>
        </test-method> <!-- afterMethod -->
      </class> <!-- mytest.Test2 -->
    </test> <!-- Default test -->
  </suite> <!-- Default suite -->
</testng-results>
